<?xml version="1.0" encoding="utf-8"?>
<testsuites>
    <testsuite name="pytest" errors="0" failures="0" skipped="1" tests="7" time="0.096" timestamp="2022-06-12T23:52:35.419593" hostname="bogon">
        <testcase classname="tests.test_animal" name="test_animal" time="0.002">
            <skipped type="pytest.xfail" message="Animal is an interface class" />
        </testcase>
        <testcase classname="tests.test_animal" name="test_dog" time="0.001" />
        <testcase classname="tests.test_basic" name="test_version" time="0.001" />
        <testcase classname="tests.test_basic" name="test_add_1args" time="0.001" />
        <testcase classname="tests.test_basic" name="test_add_2args" time="0.000" />
        <testcase classname="tests.test_basic" name="test_substract" time="0.000" />
        <testcase classname="tests.test_basic" name="test_attr" time="0.000" />
    </testsuite>
</testsuites>