Tests Result

============================= test session starts ==============================
collecting ... collected 7 items

tests/test_animal.py::test_animal XFAIL (Animal is an interface class)
tests/test_animal.py::test_dog PASSED
tests/test_basic.py::test_version PASSED
tests/test_basic.py::test_add_1args PASSED
tests/test_basic.py::test_add_2args PASSED
tests/test_basic.py::test_substract PASSED
tests/test_basic.py::test_attr PASSED

========================= 6 passed, 1 xfailed in 0.05s =========================
Name                                                                              Stmts   Miss Branch BrPart  Cover
-------------------------------------------------------------------------------------------------------------------
/Users/mike/opt/anaconda3/envs/ci/lib/python3.10/site-packages/fseg/__init__.py       2      0      0      0   100%
/Users/mike/opt/anaconda3/envs/ci/lib/python3.10/site-packages/fseg/animal.py         6      0      2      0   100%
-------------------------------------------------------------------------------------------------------------------
TOTAL                                                                                 8      0      2      0   100%
